<?xml version="1.0" encoding="UTF-8"?>
<beans xmlns="http://www.springframework.org/schema/beans"
    xmlns:xsi="http://www.w3.org/2001/XMLSchema-instance" 
    xmlns:util="http://www.springframework.org/schema/util"
    xsi:schemaLocation="
       http://www.springframework.org/schema/beans http://www.springframework.org/schema/beans/spring-beans-2.0.xsd
       http://www.springframework.org/schema/util http://www.springframework.org/schema/util/spring-util-2.0.xsd">

 	<bean id="applicationProperties" class="org.springframework.beans.factory.config.PropertiesFactoryBean">
    	<property name="locations">
        	<list>
            	<value>classpath:private-test-config.properties</value>
            </list>
        </property>
    </bean>

    <bean id="applicationConfigurer" class="org.springframework.beans.factory.config.PropertyPlaceholderConfigurer">
        <property name="properties" ref="applicationProperties" />
        <property name="ignoreUnresolvablePlaceholders" value="false" />
    </bean>


	<bean id="tumblrJProperties" class="org.mikem.tumblr.api.util.TumblrJProperties"/>

	<bean id="connectionOptions" class="org.mikem.tumblr.api.http.TumblrConnectionOptions">
		<property name="name" value="${logname}"/>
	</bean>
	
	<bean id="reader" class="org.mikem.tumblr.api.http.TumblrHttpReader">
		<property name="tumblrConnectionOptions" ref="connectionOptions"/>
		<property name="properties" ref="tumblrJProperties"/>
	</bean>
	
	<bean id="credentials" class="org.mikem.tumblr.api.util.Credentials">
		<property name="email" value="${email}"/>
		<property name="password" value="${password}"/>
	</bean>
	
	<bean id="service" class="org.mikem.tumblr.api.TumblrService">
		<property name="reader" ref="reader"/>
	</bean>

</beans>
